{"name": "test_main_direct_execution", "status": "failed", "statusDetails": {"message": "AssertionError: assert 1 == 0\n +  where 1 = CompletedProcess(args=['C:\\\\Users\\\\Chikapushka\\\\AppData\\\\Local\\\\Programs\\\\Python\\\\Python310\\\\python.exe', 'app/main.py', '--help'], returncode=1, stdout='', stderr='Traceback (most recent call last):\\n  File \"C:\\\\Users\\\\Chikapushka\\\\Desktop\\\\Промышленное программирование\\\\autopilot\\\\app\\\\main.py\", line 2, in <module>\\n    from app.database.session import engine, Base\\nModuleNotFoundError: No module named \\'app\\'\\n').returncode", "trace": "def test_main_direct_execution():\n        \"\"\"Тест прямого запуска main.py\"\"\"\n        result = subprocess.run([\n            sys.executable,\n            \"app/main.py\",\n            \"--help\"  # Добавляем флаг чтобы сразу завершить\n        ], capture_output=True, text=True, timeout=5)\n    \n        # Проверяем что запуск прошел\n>       assert result.returncode == 0\nE       assert 1 == 0\nE        +  where 1 = CompletedProcess(args=['C:\\\\Users\\\\Chikapushka\\\\AppData\\\\Local\\\\Programs\\\\Python\\\\Python310\\\\python.exe', 'app/main.py', '--help'], returncode=1, stdout='', stderr='Traceback (most recent call last):\\n  File \"C:\\\\Users\\\\Chikapushka\\\\Desktop\\\\Промышленное программирование\\\\autopilot\\\\app\\\\main.py\", line 2, in <module>\\n    from app.database.session import engine, Base\\nModuleNotFoundError: No module named \\'app\\'\\n').returncode\n\ntests\\test_drivers.py:251: AssertionError"}, "description": "Тест прямого запуска main.py", "start": 1763727752107, "stop": 1763727752598, "uuid": "688df2a6-1d4c-430a-b00e-511b6e28d29a", "historyId": "088e7de1d66153428c80935d9068226d", "testCaseId": "088e7de1d66153428c80935d9068226d", "fullName": "tests.test_drivers#test_main_direct_execution", "labels": [{"name": "parentSuite", "value": "tests"}, {"name": "suite", "value": "test_drivers"}, {"name": "host", "value": "DESKTOP-J9T79FF"}, {"name": "thread", "value": "24108-MainThread"}, {"name": "framework", "value": "pytest"}, {"name": "language", "value": "cpython3"}, {"name": "package", "value": "tests.test_drivers"}], "titlePath": ["tests", "test_drivers.py"]}
